<?xml version="1.0" encoding="UTF-8"?>
<testng-results skipped="0" failed="0" ignored="0" total="6" passed="6">
  <reporter-output>
  </reporter-output>
  <suite name="Command line suite" duration-ms="42" started-at="2020-06-08T22:43:11 MUT" finished-at="2020-06-08T22:43:11 MUT">
    <groups>
    </groups>
    <test name="Command line test" duration-ms="42" started-at="2020-06-08T22:43:11 MUT" finished-at="2020-06-08T22:43:11 MUT">
      <class name="qaclickacademy.Mavenjava.AppiumTest">
        <test-method status="PASS" signature="IOSApps()[pri:0, instance:qaclickacademy.Mavenjava.AppiumTest@5c5a1b69]" name="IOSApps" duration-ms="4" started-at="2020-06-08T22:43:11 MUT" finished-at="2020-06-08T22:43:11 MUT">
          <reporter-output>
          </reporter-output>
        </test-method> <!-- IOSApps -->
        <test-method status="PASS" signature="NativeAppAndroid()[pri:0, instance:qaclickacademy.Mavenjava.AppiumTest@5c5a1b69]" name="NativeAppAndroid" duration-ms="0" started-at="2020-06-08T22:43:11 MUT" finished-at="2020-06-08T22:43:11 MUT">
          <reporter-output>
          </reporter-output>
        </test-method> <!-- NativeAppAndroid -->
      </class> <!-- qaclickacademy.Mavenjava.AppiumTest -->
      <class name="qaclickacademy.Mavenjava.RESTAPITest">
        <test-method status="PASS" signature="postJira()[pri:0, instance:qaclickacademy.Mavenjava.RESTAPITest@3701eaf6]" name="postJira" duration-ms="1" started-at="2020-06-08T22:43:11 MUT" finished-at="2020-06-08T22:43:11 MUT">
          <reporter-output>
          </reporter-output>
        </test-method> <!-- postJira -->
        <test-method status="PASS" signature="deleteTwitter()[pri:0, instance:qaclickacademy.Mavenjava.RESTAPITest@3701eaf6]" name="deleteTwitter" duration-ms="0" started-at="2020-06-08T22:43:11 MUT" finished-at="2020-06-08T22:43:11 MUT">
          <reporter-output>
          </reporter-output>
        </test-method> <!-- deleteTwitter -->
      </class> <!-- qaclickacademy.Mavenjava.RESTAPITest -->
      <class name="qaclickacademy.Mavenjava.SeleniumTest">
        <test-method status="PASS" signature="BrowserAutomation()[pri:0, instance:qaclickacademy.Mavenjava.SeleniumTest@627551fb]" name="BrowserAutomation" duration-ms="1" started-at="2020-06-08T22:43:11 MUT" finished-at="2020-06-08T22:43:11 MUT">
          <reporter-output>
          </reporter-output>
        </test-method> <!-- BrowserAutomation -->
        <test-method status="PASS" signature="elementsUI()[pri:0, instance:qaclickacademy.Mavenjava.SeleniumTest@627551fb]" name="elementsUI" duration-ms="0" started-at="2020-06-08T22:43:11 MUT" finished-at="2020-06-08T22:43:11 MUT">
          <reporter-output>
          </reporter-output>
        </test-method> <!-- elementsUI -->
      </class> <!-- qaclickacademy.Mavenjava.SeleniumTest -->
    </test> <!-- Command line test -->
  </suite> <!-- Command line suite -->
</testng-results>
